[2020-05-13 15:41:18,535] - logger.py] - INFO: test_student:点击"网络演训"
[2020-05-13 15:41:19,153] - logger.py] - INFO: test_student:点击"模拟演练"
[2020-05-13 15:41:19,192] - logger.py] - INFO: test_student:修改任务
[2020-05-13 15:41:19,975] - logger.py] - INFO: test_student:等一秒
[2020-05-13 15:41:20,976] - logger.py] - INFO: test_student:点击"场景配置"
[2020-05-13 15:41:21,041] - logger.py] - INFO: test_student:点击"接入配置"
[2020-05-13 15:41:21,608] - logger.py] - INFO: test_student:点击"详情配置"
[2020-05-13 15:41:22,229] - logger.py] - INFO: test_student:获取虚机名称前缀及按钮
[2020-05-13 15:44:11,971] - logger.py] - INFO: test_student:点击"网络演训"
[2020-05-13 15:44:13,163] - logger.py] - INFO: test_student:点击"模拟演练"
[2020-05-13 15:44:13,240] - logger.py] - INFO: test_student:修改任务
[2020-05-13 15:44:14,149] - logger.py] - INFO: test_student:等一秒
[2020-05-13 15:44:15,150] - logger.py] - INFO: test_student:点击"场景配置"
[2020-05-13 15:44:15,199] - logger.py] - INFO: test_student:点击"接入配置"
[2020-05-13 15:44:15,785] - logger.py] - INFO: test_student:点击"详情配置"
[2020-05-13 15:44:16,497] - logger.py] - INFO: test_student:获取虚机名称前缀及按钮
[2020-05-13 15:46:02,137] - logger.py] - ERROR: test_student:【获取虚机名称前缀及按钮】Traceback (most recent call last):
  File "E:\project\Start_in_batches\common\Script.py", line 71, in script_case
    self.driver = script_type[value['execution_type']](loca,value,self.username)#调用操作函数
  File "E:\project\Start_in_batches\common\script_value.py", line 441, in batch_create_vm_log_script
    self.click(vm_locator)  #选中接入方式为:vm
  File "E:\project\Start_in_batches\common\base.py", line 44, in click
    self.find(locator).click()
  File "E:\python\lib\site-packages\selenium\webdriver\remote\webelement.py", line 80, in click
    self._execute(Command.CLICK_ELEMENT)
  File "E:\python\lib\site-packages\selenium\webdriver\remote\webelement.py", line 633, in _execute
    return self._parent.execute(command, params)
  File "E:\python\lib\site-packages\selenium\webdriver\remote\webdriver.py", line 321, in execute
    self.error_handler.check_response(response)
  File "E:\python\lib\site-packages\selenium\webdriver\remote\errorhandler.py", line 242, in check_response
    raise exception_class(message, screen, stacktrace)
selenium.common.exceptions.WebDriverException: Message: unknown error: Element <input type="radio" class="ivu-radio-input" name="ivuRadioGroup_1589355852754_7"> is not clickable at point (466, 308). Other element would receive the click: <div data-v-73a1d177="" class="pop-content">...</div>
  (Session info: chrome=81.0.4044.138)
  (Driver info: chromedriver=71.0.3578.80 (2ac50e7249fbd55e6f517a28131605c9fb9fe897),platform=Windows NT 10.0.17763 x86_64)


[2020-05-13 15:46:02,137] - logger.py] - INFO: test_student:返回分组列表
[2020-05-13 15:46:02,201] - logger.py] - ERROR: test_student:【返回分组列表】Traceback (most recent call last):
  File "E:\project\Start_in_batches\common\Script.py", line 71, in script_case
    self.driver = script_type[value['execution_type']](loca,value,self.username)#调用操作函数
  File "E:\project\Start_in_batches\common\script_value.py", line 35, in click_script
    self.click(locator)
  File "E:\project\Start_in_batches\common\base.py", line 44, in click
    self.find(locator).click()
  File "E:\python\lib\site-packages\selenium\webdriver\remote\webelement.py", line 80, in click
    self._execute(Command.CLICK_ELEMENT)
  File "E:\python\lib\site-packages\selenium\webdriver\remote\webelement.py", line 633, in _execute
    return self._parent.execute(command, params)
  File "E:\python\lib\site-packages\selenium\webdriver\remote\webdriver.py", line 321, in execute
    self.error_handler.check_response(response)
  File "E:\python\lib\site-packages\selenium\webdriver\remote\errorhandler.py", line 242, in check_response
    raise exception_class(message, screen, stacktrace)
selenium.common.exceptions.WebDriverException: Message: unknown error: Element <span data-v-73a1d177="">...</span> is not clickable at point (1088, 10). Other element would receive the click: <div data-v-73a1d177="" class="shadow" style=""></div>
  (Session info: chrome=81.0.4044.138)
  (Driver info: chromedriver=71.0.3578.80 (2ac50e7249fbd55e6f517a28131605c9fb9fe897),platform=Windows NT 10.0.17763 x86_64)


[2020-05-13 15:46:02,201] - logger.py] - INFO: test_student:保存
[2020-05-13 15:46:07,339] - logger.py] - ERROR: test_student:【保存】Traceback (most recent call last):
  File "E:\project\Start_in_batches\common\Script.py", line 71, in script_case
    self.driver = script_type[value['execution_type']](loca,value,self.username)#调用操作函数
  File "E:\project\Start_in_batches\common\script_value.py", line 35, in click_script
    self.click(locator)
  File "E:\project\Start_in_batches\common\base.py", line 44, in click
    self.find(locator).click()
  File "E:\project\Start_in_batches\common\base.py", line 20, in find
    element = WebDriverWait(self.driver, int(time_out), 0.5).until(lambda x: x.find_element(*locator))
  File "E:\python\lib\site-packages\selenium\webdriver\support\wait.py", line 80, in until
    raise TimeoutException(message, screen, stacktrace)
selenium.common.exceptions.TimeoutException: Message: 


[2020-05-13 15:46:07,340] - logger.py] - INFO: test_student:等待6000秒
[2020-05-13 15:57:59,629] - logger.py] - INFO: test_student:点击"网络演训"
[2020-05-13 15:58:17,896] - logger.py] - INFO: test_student:点击"网络演训"
[2020-05-13 15:58:18,985] - logger.py] - INFO: test_student:点击"模拟演练"
[2020-05-13 15:58:19,023] - logger.py] - INFO: test_student:修改任务
[2020-05-13 15:58:19,877] - logger.py] - INFO: test_student:等一秒
[2020-05-13 15:58:20,878] - logger.py] - INFO: test_student:点击"场景配置"
[2020-05-13 15:58:20,963] - logger.py] - INFO: test_student:点击"接入配置"
[2020-05-13 15:58:21,574] - logger.py] - INFO: test_student:点击"详情配置"
[2020-05-13 15:58:22,217] - logger.py] - INFO: test_student:获取虚机名称前缀及按钮
[2020-05-13 15:58:24,277] - logger.py] - ERROR: test_student:【获取虚机名称前缀及按钮】Traceback (most recent call last):
  File "E:\project\Start_in_batches\common\Script.py", line 71, in script_case
    self.driver = script_type[value['execution_type']](loca,value,self.username)#调用操作函数
  File "E:\project\Start_in_batches\common\script_value.py", line 448, in batch_create_vm_log_script
    self.select(select_locator,"index","1")   #选择接入的交换机点
  File "E:\project\Start_in_batches\common\base.py", line 85, in select
    Select(s).select_by_index(int(flag_value))
  File "E:\python\lib\site-packages\selenium\webdriver\support\select.py", line 103, in select_by_index
    raise NoSuchElementException("Could not locate element with index %d" % index)
selenium.common.exceptions.NoSuchElementException: Message: Could not locate element with index 1


[2020-05-13 15:58:24,278] - logger.py] - INFO: test_student:返回分组列表
[2020-05-13 15:58:24,333] - logger.py] - ERROR: test_student:【返回分组列表】Traceback (most recent call last):
  File "E:\project\Start_in_batches\common\Script.py", line 71, in script_case
    self.driver = script_type[value['execution_type']](loca,value,self.username)#调用操作函数
  File "E:\project\Start_in_batches\common\script_value.py", line 35, in click_script
    self.click(locator)
  File "E:\project\Start_in_batches\common\base.py", line 44, in click
    self.find(locator).click()
  File "E:\python\lib\site-packages\selenium\webdriver\remote\webelement.py", line 80, in click
    self._execute(Command.CLICK_ELEMENT)
  File "E:\python\lib\site-packages\selenium\webdriver\remote\webelement.py", line 633, in _execute
    return self._parent.execute(command, params)
  File "E:\python\lib\site-packages\selenium\webdriver\remote\webdriver.py", line 321, in execute
    self.error_handler.check_response(response)
  File "E:\python\lib\site-packages\selenium\webdriver\remote\errorhandler.py", line 242, in check_response
    raise exception_class(message, screen, stacktrace)
selenium.common.exceptions.WebDriverException: Message: unknown error: Element <span data-v-73a1d177="">...</span> is not clickable at point (1560, 256). Other element would receive the click: <div data-v-73a1d177="" class="shadow" style=""></div>
  (Session info: chrome=81.0.4044.138)
  (Driver info: chromedriver=71.0.3578.80 (2ac50e7249fbd55e6f517a28131605c9fb9fe897),platform=Windows NT 10.0.17763 x86_64)


[2020-05-13 15:58:24,333] - logger.py] - INFO: test_student:保存
[2020-05-13 15:58:29,444] - logger.py] - ERROR: test_student:【保存】Traceback (most recent call last):
  File "E:\project\Start_in_batches\common\Script.py", line 71, in script_case
    self.driver = script_type[value['execution_type']](loca,value,self.username)#调用操作函数
  File "E:\project\Start_in_batches\common\script_value.py", line 35, in click_script
    self.click(locator)
  File "E:\project\Start_in_batches\common\base.py", line 44, in click
    self.find(locator).click()
  File "E:\project\Start_in_batches\common\base.py", line 20, in find
    element = WebDriverWait(self.driver, int(time_out), 0.5).until(lambda x: x.find_element(*locator))
  File "E:\python\lib\site-packages\selenium\webdriver\support\wait.py", line 80, in until
    raise TimeoutException(message, screen, stacktrace)
selenium.common.exceptions.TimeoutException: Message: 


[2020-05-13 15:58:29,445] - logger.py] - INFO: test_student:等待6000秒
[2020-05-13 15:59:16,313] - logger.py] - INFO: test_student:点击"网络演训"
[2020-05-13 15:59:16,336] - logger.py] - INFO: test_student:点击"模拟演练"
[2020-05-13 15:59:16,378] - logger.py] - INFO: test_student:修改任务
[2020-05-13 15:59:17,318] - logger.py] - INFO: test_student:等一秒
[2020-05-13 15:59:18,318] - logger.py] - INFO: test_student:点击"场景配置"
[2020-05-13 15:59:18,371] - logger.py] - INFO: test_student:点击"接入配置"
[2020-05-13 15:59:18,927] - logger.py] - INFO: test_student:点击"详情配置"
[2020-05-13 15:59:19,538] - logger.py] - INFO: test_student:获取虚机名称前缀及按钮
[2020-05-13 16:09:09,656] - logger.py] - INFO: test_student:返回分组列表
[2020-05-13 16:09:09,756] - logger.py] - INFO: test_student:保存
[2020-05-13 16:09:14,869] - logger.py] - ERROR: test_student:【保存】Traceback (most recent call last):
  File "E:\project\Start_in_batches\common\Script.py", line 71, in script_case
    self.driver = script_type[value['execution_type']](loca,value,self.username)#调用操作函数
  File "E:\project\Start_in_batches\common\script_value.py", line 35, in click_script
    self.click(locator)
  File "E:\project\Start_in_batches\common\base.py", line 44, in click
    self.find(locator).click()
  File "E:\project\Start_in_batches\common\base.py", line 20, in find
    element = WebDriverWait(self.driver, int(time_out), 0.5).until(lambda x: x.find_element(*locator))
  File "E:\python\lib\site-packages\selenium\webdriver\support\wait.py", line 80, in until
    raise TimeoutException(message, screen, stacktrace)
selenium.common.exceptions.TimeoutException: Message: 


[2020-05-13 16:09:14,869] - logger.py] - INFO: test_student:等待6000秒
